<?xml version="1.0" encoding="UTF-8"?>
<testsuite name="org.example.ClassroomTest" tests="5" skipped="0" failures="0" errors="0" timestamp="2023-10-01T18:01:09" hostname="ADELWOLF" time="0.074">
  <properties/>
  <testcase name="testIsClassroomEmpty()" classname="org.example.ClassroomTest" time="0.055"/>
  <testcase name="testAddStudent()" classname="org.example.ClassroomTest" time="0.005"/>
  <testcase name="testGetNumberOfStudents()" classname="org.example.ClassroomTest" time="0.002"/>
  <testcase name="testRemoveStudent()" classname="org.example.ClassroomTest" time="0.002"/>
  <testcase name="testClearClassroom()" classname="org.example.ClassroomTest" time="0.001"/>
  <system-out><![CDATA[]]></system-out>
  <system-err><![CDATA[]]></system-err>
</testsuite>
